ARX
KRT33A
TAC1
PRSS21
PAX7
SLC7A14
ISL1
CLCA4
GABRA1
MAGEC2
NEXMIF
PTPRN
ROPN1
SNAP91
ATP2B3
SLC12A1
NMRK2
BRINP1
CACNA1S
OPRK1
LINC01587
FAT2
SLC15A1
TMEM40
SLC26A3
TF
TDRD1
EFNA2
PLA2G3
POLR2F
PVALB
PDYN
GLRA2
MCF2
SGCG
MSLN
ZP2
PRSS33
SLC6A2
OCA2
GAPDHS
TFPI2
PTN
NHP2P1
PTPRZ1
TLX1
SLC6A4
CWH43
PF4V1
B3GAT1
FOLR1
SYT10
GLP1R
GABRG2
ROPN1B
UPK1B
AADAC
LCT
RPE65
HAO2
RARRES1
CRHR1
GJB6
PAEP
CNTFR
MOGAT1
PI3
EDN3
SCGB1D2
SOX21
MASP1
TSPAN8
VIL1
BBOX1
KLK8
LBP
TNNI3
NCAN
KIF1A
GATA5
CA6
KRT17P1
RTBDN
CHI3L1
LGR6
LYVE1
TEX15
DSG3
DSG1
HRK
CGA
ELF5
PPP1R1A
EGR4
GATA4
IL36RN
FGFBP2
PI15
TTPA
TMPRSS4
CLCA2
PIK3C2G
SRRM4
MDGA2
FAM181A
DISP2
CYP1A1
CHST4
ADCYAP1
STAC2
FBN3
PADI3
C1orf94
HORMAD1
HHIPL2
S100A8
CNGA3
SCN1A
UNC80
ADGRG7
CDH18
RASGEF1C
ASB15
STRA8
AWAT2
MAGEA4
STAR
PLPPR1
SLC39A12
GLYAT
CNTN5
LYZL2
AKR1C2
BOLL
LMNTD1
ZIC1
C16orf89
SPHKAP
GPR26
C10orf90
TMSB4Y
ADCY8
RAET1L
UGT2B4
FUT6
GLYATL2
NMNAT2
ATP2B2
DPYSL5
CIB4
DNAH3
ACTC1
S100B
SCGB3A1
DCD
NTN3
FGF19
PIGR
KCNJ3
ACTG2
IVL
S100A9
GABRG1
CXCL1
S100P
PI16
CSMD3
DEFB1
ZMAT4
PTCHD1
ASB11
VEGFD
OXGR1
SOHLH1
RNASE7
GABRB3
SYNPO2L
WDR72
CRABP1
HTR3A
CA4
LALBA
ANKRD33
TTYH1
LY6D
KLK5
KLK6
TBX10
SCARA5
KCNJ4
GNG4
WFDC12
CA7
KLK7
ZNF280A
KRT78
KRT6C
KRT74
LMOD2
MUC7
OPRPN
SMR3B
UGT2B7
KCNK3
KRT9
KRT20
LGALS9C
CALB2
FUT9
FADS6
FRG2C
C11orf86
SPATA3
SPTBN2
CHRNA9
VWC2L
LEP
ZIC4
ZG16
CALCB
FO393415.1
MC5R
GPX2
LRRTM4
LINC01658
NEUROG2
FOXE1
ZFP42
SLC17A8
TPPP2
ARL14
ATP8B5P
OR7E22P
MRGPRX3
ABCA13
WFDC11
TH
ADGRD2
OR52N2
GABRG3
ZNF804B
NXPH4
EPGN
HS3ST4
POTEC
TFDP3
LINC00518
CNGA2
TBX1
NPY2R
LINC00158
KRT6B
DLK1
SHC4
PRAME
NAT8L
KRT16
QRFPR
SBK2
TCL6
KBTBD12
ADH1A
DMBT1
PLA2G4E
FAM25A
AC007731.1
SBSN
RNF222
KIAA0408
ADAM5
GRM7
CPNE4
ELAVL3
SLC22A25
MMP1
ADH1B
MAGEA6
FAM177B
SERPINB13
ADH4
FAM3D
TAT
L1CAM
RNU6-247P
RNU6-343P
STUM
PNLIPRP3
HSD3B2
LCN8
CT83
LIPK
LINC00951
NPY4R
BTBD17
C6orf15
SPDYC
FAM196B
LRRC3C
LRRC10B
PABPN1L
CLLU1OS
CCDC144NL
MT1H
LINC00898
OR7E136P
OR7E161P
IGHV1-3
AC245369.1
EEF1B2P7
EEF1DP5
TCL1B
MAGEA12
NDUFAF4P2
RPL31P44
LINC02418
TMEM213
IQCJ
FOXI3
CYCSP6
AL022342.1
MAGEA3
AL031587.1
AL356218.1
RAET1E-AS1
AC239800.1
AC073365.1
AL391427.1
AL117329.1
METTL15P3
IGKV1D-27
HSD52
AC016735.1
TEX26-AS1
BTF3P4
COL4A2-AS2
AL035250.1
ASS1P11
AC007953.1
AC000036.1
AC062028.2
AL450332.1
MROH5
AC092801.1
PDZPH1P
AL512638.2
VN1R51P
AC097713.1
AP001610.1
AL513283.1
AC003101.1
AL356479.1
BX664615.1
AP000568.1
AC007563.1
LINC00858
AL451062.1
NKX1-2
LINC02528
AC006357.1
AL160290.2
LINC01840
AL121829.1
COL6A4P1
AL121757.1
AC013275.1
HAR1B
AC099792.1
AC005009.1
FAR2P4
AC074389.2
KRT17P6
AL354993.1
ABCA9-AS1
LINC01198
LINC01819
AL139393.1
KRT17P3
LINC01105
AL031674.1
AL355994.2
AL136987.1
LINC01022
NDUFB4P10
PTCHD1-AS
ACTBP12
AC092447.5
RAD1P2
LINC01114
AC005041.2
NUS1P2
LINC01287
AL353705.4
LINC00163
AL512622.1
DSCAM-AS1
TATDN2P3
AL020993.1
LINC00837
LINC01828
AC061961.1
AL049698.1
LINC00445
AC010127.1
TLX1NB
PSMC1P10
AL359313.1
AC123023.1
DLX2-AS1
AL033384.1
LINC01186
AC007563.2
CNTFR-AS1
AC002066.1
AL662797.1
KCNMB2-AS1
LINC02037
LINC00707
AC004969.1
PCDHA13
FAR2P3
AC135721.1
AC104763.1
RARRES2P1
AC123768.1
AC087477.1
AC012501.2
RN7SL239P
RPS18P13
KC877373.1
GSTA1
AC104653.2
GSTA2
AC117394.2
AC093001.1
AC243547.1
MTCYBP18
AC097515.1
LINC02275
LUCAT1
LINC02149
AC024230.1
LINC02437
FLJ42969
AP003555.1
SLED1
CASC16
HNRNPA1P44
LINC01411
CASC9
LINC02223
MGC32805
AC104407.1
AC079160.1
AC010406.1
LINC02515
AC025470.2
IGKV2D-40
AC104663.1
AC113346.1
AP001999.1
AC113378.1
AC023403.1
GUSBP3
LINC01606
LINC02159
LINC02237
AC011632.1
IGHV3-6
AC090572.2
AC115837.2
AC012349.1
MIR2052HG
GLYATL1P4
AP003306.1
AL050327.1
AP003100.1
AP003119.1
RTL1
GLYATL1P2
AC091564.4
AP000785.1
OR7E158P
AF131216.3
TREHP1
AP000812.2
AC092851.1
ARAP1-AS1
AC092112.1
AC073912.2
AL132708.1
AC006206.2
AC084880.3
MTRNR2L1
AC087241.3
AC089998.1
AC007424.1
AC089998.2
AC125603.2
AC078820.1
AL589182.1
LINC02303
RANBP20P
CAP2P1
AL591767.3
AC013553.1
AC087482.1
LINC00052
AC015712.4
AC010478.1
AC103740.2
AC006960.3
LINC01225
AL353746.1
AC113208.3
LINC00890
AC104072.1
AC015818.2
AC010266.2
AC036108.2
AC110491.1
AC007493.2
AL031710.1
AC036108.3
AC026992.2
AC124283.2
AL157931.1
MMP12
AC005829.2
LINC00621
MAPK8IP1P2
AP005121.1
AP005230.1
MIR5691
AC068418.2
C1QTNF1-AS1
AP000894.2
ANXA8
RBP3
LINC01908
AC015910.1
AP006565.1
CXADRP3
GACAT2
LINC01443
AC008109.1
AC061975.6
AC004637.1
DNAH17-AS1
CLEC4GP1
AC011487.2
ERVV-2
RNF225
MEI4
AC087203.3
AL021997.1
AC009549.1
AL162431.4
LINC01050
AC006058.3
AC011306.1
PACERR
AC245041.1
ANTXRL
AC022929.2
AC129492.6
AL449403.2
AL159153.1
PICSAR
U2AF1L5
AC078880.5
SPANXA2-OT1
AC026355.3
AC244093.4
Vax2os1_3
LINC02351
AC020765.3
AC009878.1
AC136621.1
AC098476.1
KLHL30-AS1
AC011270.2
FP325330.3
AL590483.3
CU634019.6
LINC01667
AP005264.8
