7SK
AC004057.1
AC004951.6
AC006014.10
AC006995.8
AC008753.3
AC013269.1
AC073135.7
AC079949.1
AC090602.2
AC140481.1
AC233263.2
ACTBP2
ADAMTS4
AL161626.1
AP000357.4
ATF4P4
C16orf93
CCL4L1
CSPG4P10
CSPG4P12
CSPG4P8
CTD-2014B16.2
CTD-2213F21.1
CTD-2328D6.1
EEF1A1P14
EEF1A1P22
EEF1A1P38
EEF1A1P8
F8A1
FAUP1
FCGR3B
FTH1P12
FTH1P20
FTLP2
FTLP3
GAPDHP63
GLULP4
HCG4P5
HSP90AA6P
LINC00273
LINC00910
MIR663B
NUDC
PBLD
POM121B
RN7SK
RN7SKP118
RN7SKP133
RN7SKP166
RN7SKP185
RN7SKP217
RN7SKP227
RN7SKP228
RN7SKP230
RN7SKP255
RN7SKP274
RN7SKP291
RN7SKP36
RN7SKP48
RN7SKP55
RN7SKP91
RN7SL128P
RN7SL151P
RN7SL191P
RN7SL296P
RN7SL322P
RN7SL359P
RN7SL38P
RN7SL499P
RN7SL507P
RN7SL546P
RN7SL555P
RN7SL587P
RN7SL5P
RN7SL643P
RN7SL664P
RN7SL665P
RN7SL732P
RN7SL736P
RN7SL739P
RN7SL752P
RN7SL8P
RNU1-11P
RNU1-140P
RNU1-27P
RNU1-28P
RNU2-23P
RNU2-26P
RNU2-33P
RNU2-36P
RNU2-57P
RNU2-61P
RNU2-64P
RNU2-6P
RNU6-7
RNU6ATAC2P
RNVU1-1
RNVU1-10
RNVU1-13
RNVU1-18
RNVU1-7
RNVU1-9
RP11-100N21.1
RP11-1033A18.1
RP11-104D3.2
RP11-109G10.2
RP11-1136G11.6
RP11-12M9.3
RP11-161H23.5
RP11-204C16.4
RP11-302I18.1
RP11-367G18.2
RP11-396K3.1
RP11-407N17.6
RP11-416K24.2
RP11-434O22.1
RP11-435F13.2
RP11-53M11.2
RP11-543B16.1
RP11-54D18.4
RP11-553P9.1
RP11-563H6.1
RP11-663P9.2
RP11-681N23.1
RP13-608F4.5
RP13-991F5.2
RP3-375P9.2
RP4-575N6.2
RP4-775C13.1
RP6-218J18.2
RPEL1
RPL10AP2
RPL12P8
RPL13AP20
RPL31P63
RPL37P2
RPL4P5
RPL7P47
RPS12P23
RPS20P24
RPS26
RPS27AP1
RPSAP9
SNORD3B-1
SNORD3B-2
SNORD3C
SNORD3D
SPDYE2
SPDYE2B
SPDYE8P
TPT1P6
WWP1P1
YWHAZP5
ZBTB22
ZWINT