EPHA8
P2RX5
DAZL
TCL1A
PITX3
GYS2
AICDA
UPK1B
AADAC
RPS4Y1
ANGPTL8
FCRLA
LGALS12
SPINK5
SPX
LACRT
CNTN5
MS4A1
NLRP4
FCRL3
LHX8
FCAMR
SPRR3
FCRL1
CLEC3A
FAM129C
TBX10
C8orf22
NTSR2
SERPINA6
KRT4
OPRPN
SMR3B
KRT13
COL6A5
CST9
CIDEA
CD19
ULK4P3
GPR139
ALX1
SAGE1
MGAT4C
CYP4F3
EEF1GP1
TMPRSS11A
TCL6
CLEC17A
CNR2
ADH7
PRAMENP
CYP2A7
RNU5E-1
RNU5A-1
SPRR2E
IGHG1
IGHG3
CYP4F32P
LINC01044
MIR4432HG
CYP4F25P
LINC02470
LINC01980
CCT4P2
MTND1P23
AL451060.1
AC011893.1
IL21-AS1
RPS26P4
MTATP8P2
LINC02522
LINC01593
AC011840.1
LINC01249
AL033397.1
AC073488.1
RPS26P38
BOK-AS1
AL359873.1
AL049749.1
LINC01281
OR2AF1P
CNN2P3
SLC25A15P2
SLC25A24P2
RPS4XP22
AC090255.1
SPRR2A
AC091013.1
LINC02437
LINC01612
AC105914.2
AL161781.2
AC096734.1
AC100801.1
NRBF2P4
IGLVI-70
AC146944.3
LINC02422
AC007848.1
MTRNR2L1
AL139020.1
AC108206.1
LINC01043
AC064799.2
AC009142.1
AC005829.2
MTCO1P40
MAPK8IP1P2
AP005120.1
AP005264.3
AL683887.1
AC098935.2
LINC01215
FP885919.1
AC243829.5
LINC01727
LINC01230
